<?xml version="1.0" encoding="UTF-8"?>
<!-- Generated by org.testng.reporters.JUnitXMLReporter -->
<testsuite ignored="0" hostname="Vipin99Lappi" failures="0" tests="5" name="Default test" time="0.188" errors="0" timestamp="2024-02-25T17:11:48 IST">
  <testcase classname="Tests.top_Level_menu_test_Tendable" name="@BeforeClass testLaunch" time="-1.70886130844E9">
    <failure type="org.testng.TestNGException" message="
Parameter &amp;apos;browser&amp;apos; is required by BeforeClass on method testLaunch but has not been marked @Optional or defined
in C:\Users\vipin\AppData\Local\Temp\testng-eclipse-1073521850\testng-customsuite.xml">
      <![CDATA[org.testng.TestNGException: 
Parameter 'browser' is required by BeforeClass on method testLaunch but has not been marked @Optional or defined
in C:\Users\vipin\AppData\Local\Temp\testng-eclipse-1073521850\testng-customsuite.xml
at org.testng.internal.Parameters.createParams(Parameters.java:267)
at org.testng.internal.Parameters.createParametersForMethod(Parameters.java:355)
at org.testng.internal.Parameters.createParameters(Parameters.java:684)
at org.testng.internal.Parameters.createConfigurationParameters(Parameters.java:166)
at org.testng.internal.invokers.ConfigInvoker.invokeConfigurations(ConfigInvoker.java:306)
at org.testng.internal.invokers.TestMethodWorker.invokeBeforeClassMethods(TestMethodWorker.java:180)
at org.testng.internal.invokers.TestMethodWorker.run(TestMethodWorker.java:122)
at java.base/java.util.ArrayList.forEach(ArrayList.java:1511)
at org.testng.TestRunner.privateRun(TestRunner.java:848)
at org.testng.TestRunner.run(TestRunner.java:621)
at org.testng.SuiteRunner.runTest(SuiteRunner.java:443)
at org.testng.SuiteRunner.runSequentially(SuiteRunner.java:437)
at org.testng.SuiteRunner.privateRun(SuiteRunner.java:397)
at org.testng.SuiteRunner.run(SuiteRunner.java:336)
at org.testng.SuiteRunnerWorker.runSuite(SuiteRunnerWorker.java:52)
at org.testng.SuiteRunnerWorker.run(SuiteRunnerWorker.java:95)
at org.testng.TestNG.runSuitesSequentially(TestNG.java:1280)
at org.testng.TestNG.runSuitesLocally(TestNG.java:1200)
at org.testng.TestNG.runSuites(TestNG.java:1114)
at org.testng.TestNG.run(TestNG.java:1082)
at org.testng.remote.AbstractRemoteTestNG.run(AbstractRemoteTestNG.java:115)
at org.testng.remote.RemoteTestNG.initAndRun(RemoteTestNG.java:251)
at org.testng.remote.RemoteTestNG.main(RemoteTestNG.java:77)
]]>
    </failure>
  </testcase> <!-- @BeforeClass testLaunch -->
  <testcase classname="Tests.top_Level_menu_test_Tendable" name="@BeforeMethod verify_main_Page" time="0.0">
    <skipped/>
  </testcase> <!-- @BeforeMethod verify_main_Page -->
  <testcase classname="Tests.top_Level_menu_test_Tendable" name="@AfterMethod afterMethod" time="0.0">
    <skipped/>
  </testcase> <!-- @AfterMethod afterMethod -->
  <testcase classname="Tests.top_Level_menu_test_Tendable" name="@BeforeMethod verify_main_Page" time="0.0">
    <skipped/>
  </testcase> <!-- @BeforeMethod verify_main_Page -->
  <testcase classname="Tests.top_Level_menu_test_Tendable" name="@AfterMethod afterMethod" time="0.0">
    <skipped/>
  </testcase> <!-- @AfterMethod afterMethod -->
  <testcase classname="Tests.top_Level_menu_test_Tendable" name="@BeforeMethod verify_main_Page" time="0.0">
    <skipped/>
  </testcase> <!-- @BeforeMethod verify_main_Page -->
  <testcase classname="Tests.top_Level_menu_test_Tendable" name="@AfterMethod afterMethod" time="0.0">
    <skipped/>
  </testcase> <!-- @AfterMethod afterMethod -->
  <testcase classname="Tests.top_Level_menu_test_Tendable" name="@BeforeMethod verify_main_Page" time="0.0">
    <skipped/>
  </testcase> <!-- @BeforeMethod verify_main_Page -->
  <testcase classname="Tests.top_Level_menu_test_Tendable" name="@AfterMethod afterMethod" time="0.0">
    <skipped/>
  </testcase> <!-- @AfterMethod afterMethod -->
  <testcase classname="Tests.top_Level_menu_test_Tendable" name="@BeforeMethod verify_main_Page" time="0.0">
    <skipped/>
  </testcase> <!-- @BeforeMethod verify_main_Page -->
  <testcase classname="Tests.top_Level_menu_test_Tendable" name="@AfterMethod afterMethod" time="0.0">
    <skipped/>
  </testcase> <!-- @AfterMethod afterMethod -->
  <testcase classname="Tests.top_Level_menu_test_Tendable" name="@AfterClass setDown" time="0.0">
    <skipped/>
  </testcase> <!-- @AfterClass setDown -->
  <testcase classname="Tests.top_Level_menu_test_Tendable" name="Home_menu_test" time="0.0">
    <skipped/>
  </testcase> <!-- Home_menu_test -->
  <testcase classname="Tests.top_Level_menu_test_Tendable" name="Home_Our_Story_test" time="0.0">
    <skipped/>
  </testcase> <!-- Home_Our_Story_test -->
  <testcase classname="Tests.top_Level_menu_test_Tendable" name="Home_Our_solution_test" time="0.0">
    <skipped/>
  </testcase> <!-- Home_Our_solution_test -->
  <testcase classname="Tests.top_Level_menu_test_Tendable" name="Home_Why_Tendable_test" time="0.0">
    <skipped/>
  </testcase> <!-- Home_Why_Tendable_test -->
  <testcase classname="Tests.top_Level_menu_test_Tendable" name="test_contact_us" time="0.0">
    <skipped/>
  </testcase> <!-- test_contact_us -->
</testsuite> <!-- Default test -->
